<?xml version="1.0" encoding="UTF-8"?>
<testng-results ignored="0" total="8" passed="8" failed="0" skipped="0">
  <reporter-output>
    <line>
      <![CDATA[mngr144569]]>
    </line>
    <line>
      <![CDATA[Welcome@Guru99]]>
    </line>
    <line>
      <![CDATA[Guru99 Bank Manager HomePage]]>
    </line>
    <line>
      <![CDATA[
Test Result of CreateCustomer
=============================================================================]]>
    </line>
    <line>
      <![CDATA[Guru99 Bank Customer Registration Page]]>
    </line>
    <line>
      <![CDATA[Gtpl Bank Customer Registration Page]]>
    </line>
    <line>
      <![CDATA[Gtpl Bank Customer Registration Page]]>
    </line>
    <line>
      <![CDATA[You Have Succesfully Logged Out!!]]>
    </line>
    <line>
      <![CDATA[Guru99 Bank Home Page]]>
    </line>
    <line>
      <![CDATA[
Test Result of SC01_to_SC03_ChangePassword
=============================================================================]]>
    </line>
    <line>
      <![CDATA[Guru99 Bank Customer HomePage]]>
    </line>
    <line>
      <![CDATA[Welcome To Customer's Page of Guru99 Bank]]>
    </line>
    <line>
      <![CDATA[Old Password is incorrect]]>
    </line>
    <line>
      <![CDATA[Guru99 Bank New Customer Entry Page]]>
    </line>
    <line>
      <![CDATA[Password is Changed]]>
    </line>
    <line>
      <![CDATA[Guru99 Bank Home Page]]>
    </line>
    <line>
      <![CDATA[Guru99 Bank Customer HomePage]]>
    </line>
    <line>
      <![CDATA[Welcome To Customer's Page of Guru99 Bank]]>
    </line>
    <line>
      <![CDATA[
Test Result of SC04_BalanceEnquiry
=============================================================================]]>
    </line>
    <line>
      <![CDATA[Guru99 Bank Balance Enquiry Page]]>
    </line>
    <line>
      <![CDATA[Guru99 Bank Balance Enquiry Page]]>
    </line>
    <line>
      <![CDATA[Guru99 Bank Balance Enquiry Page]]>
    </line>
    <line>
      <![CDATA[Guru99 Bank Balance Enquiry Page]]>
    </line>
    <line>
      <![CDATA[
Test Result of SC07_MiniStatement
=============================================================================]]>
    </line>
    <line>
      <![CDATA[Guru99 Bank Mini Statement Page]]>
    </line>
    <line>
      <![CDATA[Last Five Transaction Details for Account No: 45984]]>
    </line>
    <line>
      <![CDATA[Guru99 Bank Mini Statement Page]]>
    </line>
    <line>
      <![CDATA[
Test Result of SC08_to_SC13_FundTransfer_CustomisedStatement_BalanceEnquiry
=============================================================================]]>
    </line>
    <line>
      <![CDATA[Guru99 Bank Fund Transfer Page]]>
    </line>
    <line>
      <![CDATA[Fund Transafer Details for Account No: 45984]]>
    </line>
    <line>
      <![CDATA[Guru99 Bank Fund Transfer Page]]>
    </line>
    <line>
      <![CDATA[Guru99 Bank Customised Statement Page]]>
    </line>
    <line>
      <![CDATA[Transaction Details for Account No: 45984 from Date: 2018-01-01 to: 2018-12-31]]>
    </line>
    <line>
      <![CDATA[Guru99 Bank Customised Statement Page]]>
    </line>
    <line>
      <![CDATA[You are not authorize to Transfer Funds from this account!!]]>
    </line>
    <line>
      <![CDATA[Fund Transfer Entry Page]]>
    </line>
    <line>
      <![CDATA[Account 11111 does not exist!!!]]>
    </line>
    <line>
      <![CDATA[Fund Transfer Entry Page]]>
    </line>
    <line>
      <![CDATA[Payers account No and Payees account No Must Not be Same!!!]]>
    </line>
    <line>
      <![CDATA[Fund Transfer Entry Page]]>
    </line>
    <line>
      <![CDATA[
Test Result of SC14_SC15_MiniStatement
=============================================================================]]>
    </line>
    <line>
      <![CDATA[You are not authorize to generate statement of this Account!!]]>
    </line>
    <line>
      <![CDATA[Guru99 Bank Mini Statement Page]]>
    </line>
    <line>
      <![CDATA[Account does not exist]]>
    </line>
    <line>
      <![CDATA[Guru99 Bank Mini Statement Page]]>
    </line>
    <line>
      <![CDATA[
Test Result of SC16_to_SC18_CustomisedStatement
=============================================================================]]>
    </line>
    <line>
      <![CDATA[You are not authorize to generate statement of this Account!!]]>
    </line>
    <line>
      <![CDATA[Guru99 Bank Statement Page]]>
    </line>
    <line>
      <![CDATA[Account does not exist]]>
    </line>
    <line>
      <![CDATA[Guru99 Bank Statement Page]]>
    </line>
    <line>
      <![CDATA[FromDate field should be lower than ToDate field!!]]>
    </line>
    <line>
      <![CDATA[Guru99 Bank Statement Page]]>
    </line>
    <line>
      <![CDATA[You Have Succesfully Logged Out!!]]>
    </line>
    <line>
      <![CDATA[Guru99 Bank Home Page]]>
    </line>
  </reporter-output>
  <suite started-at="2018-07-28T19:09:21Z" name="Default suite" finished-at="2018-07-28T19:11:19Z" duration-ms="117840">
    <groups>
    </groups>
    <test started-at="2018-07-28T19:09:21Z" name="Default test" finished-at="2018-07-28T19:11:19Z" duration-ms="117840">
      <class name="TestSuite.Customer">
        <test-method is-config="true" signature="setUp()[pri:0, instance:TestSuite.Customer@762ef0ea]" started-at="2018-07-28T19:09:21Z" name="setUp" finished-at="2018-07-28T19:09:39Z" duration-ms="18148" status="PASS">
          <reporter-output>
            <line>
              <![CDATA[mngr144569]]>
            </line>
            <line>
              <![CDATA[Welcome@Guru99]]>
            </line>
            <line>
              <![CDATA[Guru99 Bank Manager HomePage]]>
            </line>
          </reporter-output>
        </test-method> <!-- setUp -->
        <test-method signature="CreateCustomer_CreateAccounts()[pri:0, instance:TestSuite.Customer@762ef0ea]" started-at="2018-07-28T19:09:39Z" name="CreateCustomer_CreateAccounts" finished-at="2018-07-28T19:10:02Z" duration-ms="22844" status="PASS">
          <reporter-output>
            <line>
              <![CDATA[
Test Result of CreateCustomer
=============================================================================]]>
            </line>
            <line>
              <![CDATA[Guru99 Bank Customer Registration Page]]>
            </line>
            <line>
              <![CDATA[Gtpl Bank Customer Registration Page]]>
            </line>
            <line>
              <![CDATA[Gtpl Bank Customer Registration Page]]>
            </line>
            <line>
              <![CDATA[You Have Succesfully Logged Out!!]]>
            </line>
            <line>
              <![CDATA[Guru99 Bank Home Page]]>
            </line>
          </reporter-output>
        </test-method> <!-- CreateCustomer_CreateAccounts -->
        <test-method signature="SC01_to_SC03_ChangePassword()[pri:0, instance:TestSuite.Customer@762ef0ea]" started-at="2018-07-28T19:10:02Z" name="SC01_to_SC03_ChangePassword" finished-at="2018-07-28T19:10:12Z" duration-ms="10573" status="PASS">
          <reporter-output>
            <line>
              <![CDATA[
Test Result of SC01_to_SC03_ChangePassword
=============================================================================]]>
            </line>
            <line>
              <![CDATA[Guru99 Bank Customer HomePage]]>
            </line>
            <line>
              <![CDATA[Welcome To Customer's Page of Guru99 Bank]]>
            </line>
            <line>
              <![CDATA[Old Password is incorrect]]>
            </line>
            <line>
              <![CDATA[Guru99 Bank New Customer Entry Page]]>
            </line>
            <line>
              <![CDATA[Password is Changed]]>
            </line>
            <line>
              <![CDATA[Guru99 Bank Home Page]]>
            </line>
            <line>
              <![CDATA[Guru99 Bank Customer HomePage]]>
            </line>
            <line>
              <![CDATA[Welcome To Customer's Page of Guru99 Bank]]>
            </line>
          </reporter-output>
        </test-method> <!-- SC01_to_SC03_ChangePassword -->
        <test-method signature="SC04_BalanceEnquiry()[pri:0, instance:TestSuite.Customer@762ef0ea]" started-at="2018-07-28T19:10:12Z" name="SC04_BalanceEnquiry" finished-at="2018-07-28T19:10:22Z" duration-ms="9935" status="PASS">
          <reporter-output>
            <line>
              <![CDATA[
Test Result of SC04_BalanceEnquiry
=============================================================================]]>
            </line>
            <line>
              <![CDATA[Guru99 Bank Balance Enquiry Page]]>
            </line>
            <line>
              <![CDATA[Guru99 Bank Balance Enquiry Page]]>
            </line>
            <line>
              <![CDATA[Guru99 Bank Balance Enquiry Page]]>
            </line>
            <line>
              <![CDATA[Guru99 Bank Balance Enquiry Page]]>
            </line>
          </reporter-output>
        </test-method> <!-- SC04_BalanceEnquiry -->
        <test-method signature="SC07_MiniStatement()[pri:0, instance:TestSuite.Customer@762ef0ea]" started-at="2018-07-28T19:10:22Z" name="SC07_MiniStatement" finished-at="2018-07-28T19:10:26Z" duration-ms="3435" status="PASS">
          <reporter-output>
            <line>
              <![CDATA[
Test Result of SC07_MiniStatement
=============================================================================]]>
            </line>
            <line>
              <![CDATA[Guru99 Bank Mini Statement Page]]>
            </line>
            <line>
              <![CDATA[Last Five Transaction Details for Account No: 45984]]>
            </line>
            <line>
              <![CDATA[Guru99 Bank Mini Statement Page]]>
            </line>
          </reporter-output>
        </test-method> <!-- SC07_MiniStatement -->
        <test-method signature="SC08_to_SC13_FundTransfer_CustomisedStatement_BalanceEnquiry()[pri:0, instance:TestSuite.Customer@762ef0ea]" started-at="2018-07-28T19:10:26Z" name="SC08_to_SC13_FundTransfer_CustomisedStatement_BalanceEnquiry" finished-at="2018-07-28T19:10:54Z" duration-ms="28434" status="PASS">
          <reporter-output>
            <line>
              <![CDATA[
Test Result of SC08_to_SC13_FundTransfer_CustomisedStatement_BalanceEnquiry
=============================================================================]]>
            </line>
            <line>
              <![CDATA[Guru99 Bank Fund Transfer Page]]>
            </line>
            <line>
              <![CDATA[Fund Transafer Details for Account No: 45984]]>
            </line>
            <line>
              <![CDATA[Guru99 Bank Fund Transfer Page]]>
            </line>
            <line>
              <![CDATA[Guru99 Bank Customised Statement Page]]>
            </line>
            <line>
              <![CDATA[Transaction Details for Account No: 45984 from Date: 2018-01-01 to: 2018-12-31]]>
            </line>
            <line>
              <![CDATA[Guru99 Bank Customised Statement Page]]>
            </line>
            <line>
              <![CDATA[You are not authorize to Transfer Funds from this account!!]]>
            </line>
            <line>
              <![CDATA[Fund Transfer Entry Page]]>
            </line>
            <line>
              <![CDATA[Account 11111 does not exist!!!]]>
            </line>
            <line>
              <![CDATA[Fund Transfer Entry Page]]>
            </line>
            <line>
              <![CDATA[Payers account No and Payees account No Must Not be Same!!!]]>
            </line>
            <line>
              <![CDATA[Fund Transfer Entry Page]]>
            </line>
          </reporter-output>
        </test-method> <!-- SC08_to_SC13_FundTransfer_CustomisedStatement_BalanceEnquiry -->
        <test-method signature="SC14_SC15_MiniStatement()[pri:0, instance:TestSuite.Customer@762ef0ea]" started-at="2018-07-28T19:10:54Z" name="SC14_SC15_MiniStatement" finished-at="2018-07-28T19:11:01Z" duration-ms="6357" status="PASS">
          <reporter-output>
            <line>
              <![CDATA[
Test Result of SC14_SC15_MiniStatement
=============================================================================]]>
            </line>
            <line>
              <![CDATA[You are not authorize to generate statement of this Account!!]]>
            </line>
            <line>
              <![CDATA[Guru99 Bank Mini Statement Page]]>
            </line>
            <line>
              <![CDATA[Account does not exist]]>
            </line>
            <line>
              <![CDATA[Guru99 Bank Mini Statement Page]]>
            </line>
          </reporter-output>
        </test-method> <!-- SC14_SC15_MiniStatement -->
        <test-method signature="SC16_to_SC18_CustomisedStatement()[pri:0, instance:TestSuite.Customer@762ef0ea]" started-at="2018-07-28T19:11:01Z" name="SC16_to_SC18_CustomisedStatement" finished-at="2018-07-28T19:11:15Z" duration-ms="14428" status="PASS">
          <reporter-output>
            <line>
              <![CDATA[
Test Result of SC16_to_SC18_CustomisedStatement
=============================================================================]]>
            </line>
            <line>
              <![CDATA[You are not authorize to generate statement of this Account!!]]>
            </line>
            <line>
              <![CDATA[Guru99 Bank Statement Page]]>
            </line>
            <line>
              <![CDATA[Account does not exist]]>
            </line>
            <line>
              <![CDATA[Guru99 Bank Statement Page]]>
            </line>
            <line>
              <![CDATA[FromDate field should be lower than ToDate field!!]]>
            </line>
            <line>
              <![CDATA[Guru99 Bank Statement Page]]>
            </line>
          </reporter-output>
        </test-method> <!-- SC16_to_SC18_CustomisedStatement -->
        <test-method signature="SC19_Logout()[pri:0, instance:TestSuite.Customer@762ef0ea]" started-at="2018-07-28T19:11:15Z" name="SC19_Logout" finished-at="2018-07-28T19:11:18Z" duration-ms="2886" status="PASS">
          <reporter-output>
            <line>
              <![CDATA[You Have Succesfully Logged Out!!]]>
            </line>
            <line>
              <![CDATA[Guru99 Bank Home Page]]>
            </line>
          </reporter-output>
        </test-method> <!-- SC19_Logout -->
        <test-method is-config="true" signature="tearDown()[pri:0, instance:TestSuite.Customer@762ef0ea]" started-at="2018-07-28T19:11:18Z" name="tearDown" finished-at="2018-07-28T19:11:19Z" duration-ms="723" status="PASS">
          <reporter-output>
          </reporter-output>
        </test-method> <!-- tearDown -->
      </class> <!-- TestSuite.Customer -->
    </test> <!-- Default test -->
  </suite> <!-- Default suite -->
</testng-results>
