<?xml version="1.0" encoding="UTF-8"?>
<!-- Generated by org.testng.reporters.JUnitXMLReporter -->
<testsuite hostname="user-PC" ignored="0" name="Default test" tests="8" failures="0" timestamp="07 Jan 2018 11:40:20 GMT" time="67.026" errors="0">
  <testcase name="CreateCustomer_CreateAccounts" time="13.941" classname="test.Customer"/>
  <testcase name="SC01_to_SC03_ChangePassword" time="8.217" classname="test.Customer"/>
  <testcase name="SC04_BalanceEnquiry" time="5.22" classname="test.Customer"/>
  <testcase name="SC07_MiniStatement" time="1.801" classname="test.Customer"/>
  <testcase name="SC08_to_SC13_FundTransfer_CustomisedStatement_BalanceEnquiry" time="14.99" classname="test.Customer"/>
  <testcase name="SC14_SC15_MiniStatement" time="1.616" classname="test.Customer"/>
  <testcase name="SC16_to_SC18_CustomisedStatement" time="8.636" classname="test.Customer"/>
  <testcase name="SC19_Logout" time="1.513" classname="test.Customer"/>
</testsuite> <!-- Default test -->
